d:\program\lanchar\lanclient\x64\debug\lanclient.pch
d:\program\lanchar\lanclient\x64\debug\vc143.pdb
d:\program\lanchar\lanclient\x64\debug\vc143.idb
d:\program\lanchar\lanclient\x64\debug\pch.obj
d:\program\lanchar\lanclient\x64\debug\lanclientdlg.obj
d:\program\lanchar\lanclient\x64\debug\lanclient.obj
d:\program\lanchar\x64\debug\lanclient.exe
d:\program\lanchar\lanclient\x64\debug\lanclient.ilk
d:\program\lanchar\x64\debug\lanclient.pdb
d:\program\lanchar\lanclient\x64\debug\lanclient.res
d:\program\lanchat\lanclient\x64\debug\lanclient.obj
d:\program\lanchat\lanclient\x64\debug\lanclientdlg.obj
d:\program\lanchat\lanclient\x64\debug\pch.obj
d:\program\lanchat\lanclient\x64\debug\lanclient.ilk
d:\program\lanchat\lanclient\x64\debug\lanclient.res
d:\program\lanchat\lanclient\x64\debug\lanclient.pch
d:\program\lanchat\lanclient\x64\debug\vc143.idb
d:\program\lanchat\lanclient\x64\debug\vc143.pdb
d:\program\lanchat\x64\debug\lanclient.pdb
d:\program\lanchat\x64\debug\lanclient.exe
d:\program\lanchat\lanclient\x64\debug\lanclient.tlog\cl.command.1.tlog
d:\program\lanchat\lanclient\x64\debug\lanclient.tlog\cl.read.1.tlog
d:\program\lanchat\lanclient\x64\debug\lanclient.tlog\cl.write.1.tlog
d:\program\lanchat\lanclient\x64\debug\lanclient.tlog\link.command.1.tlog
d:\program\lanchat\lanclient\x64\debug\lanclient.tlog\link.read.1.tlog
d:\program\lanchat\lanclient\x64\debug\lanclient.tlog\link.write.1.tlog
d:\program\lanchat\lanclient\x64\debug\lanclient.tlog\rc.command.1.tlog
d:\program\lanchat\lanclient\x64\debug\lanclient.tlog\rc.read.1.tlog
d:\program\lanchat\lanclient\x64\debug\lanclient.tlog\rc.write.1.tlog
